\BOOKMARK [1][-]{section.1}{\376\377\000F\000o\000n\000d\000a\000m\000e\000n\000t\000i}{}% 1
\BOOKMARK [2][-]{subsection.1.1}{\376\377\000M\000a\000t\000e\000m\000a\000t\000i\000c\000a\000\040\000p\000r\000e\000l\000i\000m\000i\000n\000a\000r\000e}{section.1}% 2
\BOOKMARK [3][-]{subsubsection.1.1.1}{\376\377\000N\000u\000m\000e\000r\000i\000\040\000c\000o\000m\000p\000l\000e\000s\000s\000i}{subsection.1.1}% 3
\BOOKMARK [3][-]{subsubsection.1.1.2}{\376\377\000F\000u\000n\000z\000i\000o\000n\000i\000\040\000c\000o\000m\000p\000l\000e\000s\000s\000e\000\040\000d\000i\000\040\000v\000a\000r\000i\000a\000b\000i\000l\000e\000\040\000r\000e\000a\000l\000e}{subsection.1.1}% 4
\BOOKMARK [3][-]{subsubsection.1.1.3}{\376\377\000F\000u\000n\000z\000i\000o\000n\000i\000\040\000p\000a\000r\000i\000\040\000e\000\040\000d\000i\000s\000p\000a\000r\000i}{subsection.1.1}% 5
\BOOKMARK [3][-]{subsubsection.1.1.4}{\376\377\000S\000e\000g\000n\000a\000l\000i\000\040\000p\000e\000r\000i\000o\000d\000i\000c\000i}{subsection.1.1}% 6
\BOOKMARK [2][-]{subsection.1.2}{\376\377\000O\000p\000e\000r\000a\000z\000i\000o\000n\000i\000\040\000f\000o\000n\000d\000a\000m\000e\000n\000t\000a\000l\000i}{section.1}% 7
\BOOKMARK [3][-]{subsubsection.1.2.1}{\376\377\000S\000o\000m\000m\000a}{subsection.1.2}% 8
\BOOKMARK [3][-]{subsubsection.1.2.2}{\376\377\000S\000h\000i\000f\000t\000\040\000\050\000o\000\040\000t\000r\000a\000s\000l\000a\000z\000i\000o\000n\000e\000\051}{subsection.1.2}% 9
\BOOKMARK [3][-]{subsubsection.1.2.3}{\376\377\000F\000u\000n\000z\000i\000o\000n\000e\000\040\000b\000o\000x\000\040\000\040\000e\000\040\000i\000m\000p\000u\000l\000s\000o\000\040\000d\000i\000\040\000D\000i\000r\000a\000c}{subsection.1.2}% 10
\BOOKMARK [3][-]{subsubsection.1.2.4}{\376\377\000F\000u\000n\000z\000i\000o\000n\000e\000\040\000s\000i\000n\000c}{subsection.1.2}% 11
\BOOKMARK [3][-]{subsubsection.1.2.5}{\376\377\000F\000u\000n\000z\000i\000o\000n\000e\000\040\000t\000r\000i\000a\000n\000g\000o\000l\000o\000\040}{subsection.1.2}% 12
\BOOKMARK [3][-]{subsubsection.1.2.6}{\376\377\000F\000u\000n\000z\000i\000o\000n\000e\000\040\000s\000e\000g\000n\000o\000\040\000\050\000s\000g\000n\000\051}{subsection.1.2}% 13
\BOOKMARK [3][-]{subsubsection.1.2.7}{\376\377\000F\000u\000n\000z\000i\000o\000n\000e\000\040\000g\000r\000a\000d\000i\000n\000o}{subsection.1.2}% 14
\BOOKMARK [3][-]{subsubsection.1.2.8}{\376\377\000T\000r\000e\000n\000o\000\040\000d\000i\000\040\000i\000m\000p\000u\000l\000s\000i}{subsection.1.2}% 15
\BOOKMARK [3][-]{subsubsection.1.2.9}{\376\377\000E\000n\000e\000r\000g\000i\000a\000\040\000d\000i\000\040\000u\000n\000\040\000s\000e\000g\000n\000a\000l\000e}{subsection.1.2}% 16
\BOOKMARK [3][-]{subsubsection.1.2.10}{\376\377\000P\000o\000t\000e\000n\000z\000a\000\040\000m\000e\000d\000i\000a\000\040\000d\000i\000\040\000u\000n\000\040\000s\000e\000g\000n\000a\000l\000e}{subsection.1.2}% 17
\BOOKMARK [2][-]{subsection.1.3}{\376\377\000A\000l\000t\000r\000e\000\040\000o\000p\000e\000r\000a\000z\000i\000o\000n\000i\000\040\000f\000o\000n\000d\000a\000m\000e\000n\000t\000a\000l\000i}{section.1}% 18
\BOOKMARK [3][-]{subsubsection.1.3.1}{\376\377\000R\000e\000s\000c\000a\000l\000i\000n\000g\000\040\000\050\000o\000\040\000r\000i\000s\000c\000a\000l\000a\000t\000u\000r\000a\000\051}{subsection.1.3}% 19
\BOOKMARK [3][-]{subsubsection.1.3.2}{\376\377\000C\000r\000o\000s\000s\000-\000C\000o\000r\000r\000e\000l\000a\000z\000i\000o\000n\000e}{subsection.1.3}% 20
